TN:
SF:D:\Documents\Projects\Vue\aemet-app\src\boot\axios.js
FNF:0
FNH:0
DA:4,0
DA:5,0
DA:6,0
LF:3
LH:0
BRF:0
BRH:0
end_of_record
TN:
SF:D:\Documents\Projects\Vue\aemet-app\src\components\StationComponent.vue
FN:51,data
FN:57,closeDialog
FN:63,get
FN:66,set
FN:71,mounted
FNF:5
FNH:0
FNDA:0,data
FNDA:0,closeDialog
FNDA:0,get
FNDA:0,set
FNDA:0,mounted
DA:48,0
DA:52,0
DA:58,0
DA:64,0
DA:67,0
LF:5
LH:0
BRF:0
BRH:0
end_of_record
TN:
SF:D:\Documents\Projects\Vue\aemet-app\src\layouts\MainLayout.vue
FN:43,data
FNF:1
FNH:0
FNDA:0,data
DA:34,0
DA:44,0
LF:2
LH:0
BRF:0
BRH:0
end_of_record
TN:
SF:D:\Documents\Projects\Vue\aemet-app\src\pages\City.vue
FN:36,data
FN:45,getStations
FN:46,(anonymous_3)
FN:52,(anonymous_4)
FN:55,getCities
FN:60,(anonymous_9)
FN:63,filterStations
FN:64,(anonymous_11)
FN:66,getRandomNumber
FN:69,showDialog
FN:74,getStationData
FN:75,(anonymous_17)
FN:82,getStationDetails
FN:91,onClosedChild
FN:95,mounted
FNF:15
FNH:0
FNDA:0,data
FNDA:0,getStations
FNDA:0,(anonymous_3)
FNDA:0,(anonymous_4)
FNDA:0,getCities
FNDA:0,(anonymous_9)
FNDA:0,filterStations
FNDA:0,(anonymous_11)
FNDA:0,getRandomNumber
FNDA:0,showDialog
FNDA:0,getStationData
FNDA:0,(anonymous_17)
FNDA:0,getStationDetails
FNDA:0,onClosedChild
FNDA:0,mounted
DA:29,0
DA:30,0
DA:37,0
DA:46,0
DA:51,0
DA:53,0
DA:55,0
DA:56,0
DA:59,0
DA:61,0
DA:63,0
DA:64,0
DA:67,0
DA:69,0
DA:70,0
DA:71,0
DA:72,0
DA:75,0
DA:79,0
DA:82,0
DA:83,0
DA:84,0
DA:86,0
DA:92,0
DA:96,0
LF:25
LH:0
BRDA:55,0,0,0
BRDA:55,0,1,0
BRDA:55,0,2,0
BRDA:55,0,3,0
BRDA:69,1,0,0
BRDA:69,1,1,0
BRDA:69,1,2,0
BRDA:69,1,3,0
BRDA:82,2,0,0
BRDA:82,2,1,0
BRDA:82,2,2,0
BRDA:82,2,3,0
BRDA:82,2,4,0
BRDA:82,3,0,0
BRDA:82,3,1,0
BRF:15
BRH:0
end_of_record
TN:
SF:D:\Documents\Projects\Vue\aemet-app\src\pages\Index.vue
FN:46,data
FN:54,getStations
FN:55,(anonymous_3)
FN:61,(anonymous_4)
FN:64,getCities
FN:70,(anonymous_9)
FN:73,filterCities
FN:74,(anonymous_11)
FN:75,(anonymous_12)
FN:78,filterFn
FN:80,(anonymous_16)
FN:82,(anonymous_17)
FN:87,abortFilterFn
FN:91,mounted
FNF:14
FNH:4
FNDA:1,data
FNDA:1,getStations
FNDA:0,(anonymous_3)
FNDA:0,(anonymous_4)
FNDA:3,getCities
FNDA:0,(anonymous_9)
FNDA:0,filterCities
FNDA:0,(anonymous_11)
FNDA:0,(anonymous_12)
FNDA:0,filterFn
FNDA:0,(anonymous_16)
FNDA:0,(anonymous_17)
FNDA:0,abortFilterFn
FNDA:1,mounted
DA:43,1
DA:47,1
DA:55,1
DA:60,0
DA:62,0
DA:64,7
DA:65,0
DA:68,0
DA:69,0
DA:71,0
DA:74,0
DA:75,0
DA:78,0
DA:79,0
DA:80,0
DA:81,0
DA:82,0
DA:83,0
DA:92,1
LF:19
LH:5
BRDA:64,0,0,1
BRDA:64,0,1,0
BRDA:64,0,2,0
BRDA:64,0,3,0
BRDA:78,1,0,0
BRDA:78,1,1,0
BRDA:78,1,2,0
BRDA:78,1,3,0
BRF:8
BRH:1
end_of_record
TN:
SF:D:\Documents\Projects\Vue\aemet-app\src\router\index.js
FN:17,(anonymous_0)
FN:19,(anonymous_1)
FNF:2
FNH:0
FNDA:0,(anonymous_0)
FNDA:0,(anonymous_1)
DA:6,0
DA:18,0
DA:19,0
DA:29,0
LF:4
LH:0
BRF:0
BRH:0
end_of_record
TN:
SF:D:\Documents\Projects\Vue\aemet-app\src\router\routes.js
FN:4,(anonymous_0)
FN:6,(anonymous_1)
FN:7,(anonymous_2)
FN:16,(anonymous_3)
FNF:4
FNH:0
FNDA:0,(anonymous_0)
FNDA:0,(anonymous_1)
FNDA:0,(anonymous_2)
FNDA:0,(anonymous_3)
DA:1,0
DA:4,0
DA:6,0
DA:7,0
DA:13,0
DA:14,0
DA:16,0
LF:7
LH:0
BRDA:13,0,0,0
BRDA:13,0,1,0
BRF:2
BRH:0
end_of_record
TN:
SF:D:\Documents\Projects\Vue\aemet-app\src\store\index.js
FN:17,(anonymous_0)
FNF:1
FNH:0
FNDA:0,(anonymous_0)
DA:6,0
DA:18,0
DA:28,0
LF:3
LH:0
BRF:0
BRH:0
end_of_record
TN:
SF:D:\Documents\Projects\Vue\aemet-app\src\store\module-example\actions.js
FN:1,someAction
FNF:1
FNH:0
FNDA:0,someAction
LF:0
LH:0
BRF:0
BRH:0
end_of_record
TN:
SF:D:\Documents\Projects\Vue\aemet-app\src\store\module-example\getters.js
FN:1,someGetter
FNF:1
FNH:0
FNDA:0,someGetter
LF:0
LH:0
BRF:0
BRH:0
end_of_record
TN:
SF:D:\Documents\Projects\Vue\aemet-app\src\store\module-example\index.js
FNF:0
FNH:0
LF:0
LH:0
BRF:0
BRH:0
end_of_record
TN:
SF:D:\Documents\Projects\Vue\aemet-app\src\store\module-example\mutations.js
FN:1,someMutation
FNF:1
FNH:0
FNDA:0,someMutation
LF:0
LH:0
BRF:0
BRH:0
end_of_record
TN:
SF:D:\Documents\Projects\Vue\aemet-app\src\store\module-example\state.js
FN:1,(anonymous_0)
FNF:1
FNH:0
FNDA:0,(anonymous_0)
DA:2,0
LF:1
LH:0
BRF:0
BRH:0
end_of_record
